Flow report for de10boy
Sun Nov 15 16:01:02 2020
Quartus Prime Version 18.1.0 Build 625 09/12/2018 SJ Lite Edition


---------------------
; Table of Contents ;
---------------------
  1. Legal Notice
  2. Flow Summary
  3. Flow Settings
  4. Flow Non-Default Global Settings
  5. Flow Elapsed Time
  6. Flow OS Summary
  7. Flow Log
  8. Flow Messages
  9. Flow Suppressed Messages



----------------
; Legal Notice ;
----------------
Copyright (C) 2018  Intel Corporation. All rights reserved.
Your use of Intel Corporation's design tools, logic functions 
and other software and tools, and its AMPP partner logic 
functions, and any output files from any of the foregoing 
(including device programming or simulation files), and any 
associated documentation or information are expressly subject 
to the terms and conditions of the Intel Program License 
Subscription Agreement, the Intel Quartus Prime License Agreement,
the Intel FPGA IP License Agreement, or other applicable license
agreement, including, without limitation, that your use is for
the sole purpose of programming logic devices manufactured by
Intel and sold by Intel or its authorized distributors.  Please
refer to the applicable agreement for further details.



+----------------------------------------------------------------------------------+
; Flow Summary                                                                     ;
+------------------------------------+---------------------------------------------+
; Flow Status                        ; Successful - Sun Nov 15 16:01:02 2020       ;
; Quartus Prime Version              ; 18.1.0 Build 625 09/12/2018 SJ Lite Edition ;
; Revision Name                      ; de10boy                                     ;
; Top-level Entity Name              ; memory                                      ;
; Family                             ; MAX 10                                      ;
; Device                             ; 10M50DAF484C7G                              ;
; Timing Models                      ; Final                                       ;
; Total logic elements               ; 128 / 49,760 ( < 1 % )                      ;
;     Total combinational functions  ; 128 / 49,760 ( < 1 % )                      ;
;     Dedicated logic registers      ; 2 / 49,760 ( < 1 % )                        ;
; Total registers                    ; 2                                           ;
; Total pins                         ; 66 / 360 ( 18 % )                           ;
; Total virtual pins                 ; 0                                           ;
; Total memory bits                  ; 464,896 / 1,677,312 ( 28 % )                ;
; Embedded Multiplier 9-bit elements ; 0 / 288 ( 0 % )                             ;
; Total PLLs                         ; 0 / 4 ( 0 % )                               ;
; UFM blocks                         ; 0 / 1 ( 0 % )                               ;
; ADC blocks                         ; 0 / 2 ( 0 % )                               ;
+------------------------------------+---------------------------------------------+


+-----------------------------------------+
; Flow Settings                           ;
+-------------------+---------------------+
; Option            ; Setting             ;
+-------------------+---------------------+
; Start date & time ; 11/15/2020 16:00:39 ;
; Main task         ; Compilation         ;
; Revision Name     ; de10boy             ;
+-------------------+---------------------+


+-----------------------------------------------------------------------------------------------------------------------------+
; Flow Non-Default Global Settings                                                                                            ;
+-------------------------------------+----------------------------------------+---------------+-------------+----------------+
; Assignment Name                     ; Value                                  ; Default Value ; Entity Name ; Section Id     ;
+-------------------------------------+----------------------------------------+---------------+-------------+----------------+
; COMPILER_SIGNATURE_ID               ; 185410939836453.160547763905916        ; --            ; --          ; --             ;
; EDA_OUTPUT_DATA_FORMAT              ; Systemverilog Hdl                      ; --            ; --          ; eda_simulation ;
; EDA_SIMULATION_TOOL                 ; ModelSim-Altera (SystemVerilog)        ; <None>        ; --          ; --             ;
; EDA_TIME_SCALE                      ; 1 ps                                   ; --            ; --          ; eda_simulation ;
; MAX_CORE_JUNCTION_TEMP              ; 85                                     ; --            ; --          ; --             ;
; MIN_CORE_JUNCTION_TEMP              ; 0                                      ; --            ; --          ; --             ;
; MISC_FILE                           ; ram.bsf                                ; --            ; --          ; --             ;
; MISC_FILE                           ; ram_bb.v                               ; --            ; --          ; --             ;
; MISC_FILE                           ; ram.cmp                                ; --            ; --          ; --             ;
; MISC_FILE                           ; boot_rom.bsf                           ; --            ; --          ; --             ;
; MISC_FILE                           ; boot_rom_bb.v                          ; --            ; --          ; --             ;
; MISC_FILE                           ; boot_rom.cmp                           ; --            ; --          ; --             ;
; MISC_FILE                           ; cart_rom.bsf                           ; --            ; --          ; --             ;
; MISC_FILE                           ; cart_rom_bb.v                          ; --            ; --          ; --             ;
; MISC_FILE                           ; cart_rom.cmp                           ; --            ; --          ; --             ;
; MISC_FILE                           ; ram_8k.bsf                             ; --            ; --          ; --             ;
; MISC_FILE                           ; ram_8k_bb.v                            ; --            ; --          ; --             ;
; MISC_FILE                           ; ram_8k.cmp                             ; --            ; --          ; --             ;
; MISC_FILE                           ; ram_256.bsf                            ; --            ; --          ; --             ;
; MISC_FILE                           ; ram_256_bb.v                           ; --            ; --          ; --             ;
; MISC_FILE                           ; ram_256.cmp                            ; --            ; --          ; --             ;
; NUM_PARALLEL_PROCESSORS             ; 8                                      ; --            ; --          ; --             ;
; OUTPUT_IO_TIMING_FAR_END_VMEAS      ; Half Signal Swing                      ; --            ; --          ; --             ;
; OUTPUT_IO_TIMING_FAR_END_VMEAS      ; Half Signal Swing                      ; --            ; --          ; --             ;
; OUTPUT_IO_TIMING_NEAR_END_VMEAS     ; Half Vccio                             ; --            ; --          ; --             ;
; OUTPUT_IO_TIMING_NEAR_END_VMEAS     ; Half Vccio                             ; --            ; --          ; --             ;
; PARTITION_COLOR                     ; -- (Not supported for targeted family) ; --            ; memory      ; Top            ;
; PARTITION_FITTER_PRESERVATION_LEVEL ; -- (Not supported for targeted family) ; --            ; memory      ; Top            ;
; PARTITION_NETLIST_TYPE              ; -- (Not supported for targeted family) ; --            ; memory      ; Top            ;
; POWER_BOARD_THERMAL_MODEL           ; None (CONSERVATIVE)                    ; --            ; --          ; --             ;
; POWER_PRESET_COOLING_SOLUTION       ; 23 MM HEAT SINK WITH 200 LFPM AIRFLOW  ; --            ; --          ; --             ;
; PROJECT_OUTPUT_DIRECTORY            ; output_files                           ; --            ; --          ; --             ;
; TOP_LEVEL_ENTITY                    ; memory                                 ; de10boy       ; --          ; --             ;
+-------------------------------------+----------------------------------------+---------------+-------------+----------------+


+--------------------------------------------------------------------------------------------------------------------------+
; Flow Elapsed Time                                                                                                        ;
+----------------------+--------------+-------------------------+---------------------+------------------------------------+
; Module Name          ; Elapsed Time ; Average Processors Used ; Peak Virtual Memory ; Total CPU Time (on all processors) ;
+----------------------+--------------+-------------------------+---------------------+------------------------------------+
; Analysis & Synthesis ; 00:00:07     ; 1.0                     ; 4815 MB             ; 00:00:16                           ;
; Fitter               ; 00:00:07     ; 1.2                     ; 5916 MB             ; 00:00:11                           ;
; Assembler            ; 00:00:02     ; 1.0                     ; 4684 MB             ; 00:00:02                           ;
; Timing Analyzer      ; 00:00:02     ; 1.4                     ; 4875 MB             ; 00:00:02                           ;
; EDA Netlist Writer   ; 00:00:00     ; 1.0                     ; 4661 MB             ; 00:00:01                           ;
; Total                ; 00:00:18     ; --                      ; --                  ; 00:00:32                           ;
+----------------------+--------------+-------------------------+---------------------+------------------------------------+


+------------------------------------------------------------------------------------+
; Flow OS Summary                                                                    ;
+----------------------+------------------+------------+------------+----------------+
; Module Name          ; Machine Hostname ; OS Name    ; OS Version ; Processor type ;
+----------------------+------------------+------------+------------+----------------+
; Analysis & Synthesis ; SETH-PC          ; Windows 10 ; 10.0       ; x86_64         ;
; Fitter               ; SETH-PC          ; Windows 10 ; 10.0       ; x86_64         ;
; Assembler            ; SETH-PC          ; Windows 10 ; 10.0       ; x86_64         ;
; Timing Analyzer      ; SETH-PC          ; Windows 10 ; 10.0       ; x86_64         ;
; EDA Netlist Writer   ; SETH-PC          ; Windows 10 ; 10.0       ; x86_64         ;
+----------------------+------------------+------------+------------+----------------+


------------
; Flow Log ;
------------
quartus_map --read_settings_files=on --write_settings_files=off de10boy -c de10boy
quartus_fit --read_settings_files=off --write_settings_files=off de10boy -c de10boy
quartus_asm --read_settings_files=off --write_settings_files=off de10boy -c de10boy
quartus_sta de10boy -c de10boy
quartus_eda --read_settings_files=off --write_settings_files=off de10boy -c de10boy



