Analysis & Synthesis report for de10boy
Thu Nov 12 23:16:55 2020
Quartus Prime Version 18.1.0 Build 625 09/12/2018 SJ Lite Edition


---------------------
; Table of Contents ;
---------------------
  1. Legal Notice
  2. Analysis & Synthesis Summary
  3. Analysis & Synthesis Settings
  4. Parallel Compilation
  5. Analysis & Synthesis Source Files Read
  6. Analysis & Synthesis Resource Usage Summary
  7. Analysis & Synthesis Resource Utilization by Entity
  8. Analysis & Synthesis RAM Summary
  9. Analysis & Synthesis IP Cores Summary
 10. Registers Removed During Synthesis
 11. General Register Statistics
 12. Multiplexer Restructuring Statistics (Restructuring Performed)
 13. Source assignments for ram:ram_inst|altsyncram:altsyncram_component|altsyncram_okf1:auto_generated
 14. Source assignments for boot_rom:boot_rom_inst|altsyncram:altsyncram_component|altsyncram_qbb1:auto_generated
 15. Source assignments for cart_rom:cart_rom_inst|altsyncram:altsyncram_component|altsyncram_pgb1:auto_generated
 16. Parameter Settings for User Entity Instance: ram:ram_inst|altsyncram:altsyncram_component
 17. Parameter Settings for User Entity Instance: boot_rom:boot_rom_inst|altsyncram:altsyncram_component
 18. Parameter Settings for User Entity Instance: cart_rom:cart_rom_inst|altsyncram:altsyncram_component
 19. altsyncram Parameter Settings by Entity Instance
 20. Post-Synthesis Netlist Statistics for Top Partition
 21. Elapsed Time Per Partition
 22. Analysis & Synthesis Messages



----------------
; Legal Notice ;
----------------
Copyright (C) 2018  Intel Corporation. All rights reserved.
Your use of Intel Corporation's design tools, logic functions 
and other software and tools, and its AMPP partner logic 
functions, and any output files from any of the foregoing 
(including device programming or simulation files), and any 
associated documentation or information are expressly subject 
to the terms and conditions of the Intel Program License 
Subscription Agreement, the Intel Quartus Prime License Agreement,
the Intel FPGA IP License Agreement, or other applicable license
agreement, including, without limitation, that your use is for
the sole purpose of programming logic devices manufactured by
Intel and sold by Intel or its authorized distributors.  Please
refer to the applicable agreement for further details.



+----------------------------------------------------------------------------------+
; Analysis & Synthesis Summary                                                     ;
+------------------------------------+---------------------------------------------+
; Analysis & Synthesis Status        ; Successful - Thu Nov 12 23:16:55 2020       ;
; Quartus Prime Version              ; 18.1.0 Build 625 09/12/2018 SJ Lite Edition ;
; Revision Name                      ; de10boy                                     ;
; Top-level Entity Name              ; memory                                      ;
; Family                             ; MAX 10                                      ;
; Total logic elements               ; 93                                          ;
;     Total combinational functions  ; 90                                          ;
;     Dedicated logic registers      ; 3                                           ;
; Total registers                    ; 3                                           ;
; Total pins                         ; 34                                          ;
; Total virtual pins                 ; 0                                           ;
; Total memory bits                  ; 788,480                                     ;
; Embedded Multiplier 9-bit elements ; 0                                           ;
; Total PLLs                         ; 0                                           ;
; UFM blocks                         ; 0                                           ;
; ADC blocks                         ; 0                                           ;
+------------------------------------+---------------------------------------------+


+------------------------------------------------------------------------------------------------------------+
; Analysis & Synthesis Settings                                                                              ;
+------------------------------------------------------------------+--------------------+--------------------+
; Option                                                           ; Setting            ; Default Value      ;
+------------------------------------------------------------------+--------------------+--------------------+
; Device                                                           ; 10M50DAF484C7G     ;                    ;
; Top-level entity name                                            ; memory             ; de10boy            ;
; Family name                                                      ; MAX 10             ; Cyclone V          ;
; Use smart compilation                                            ; Off                ; Off                ;
; Enable parallel Assembler and Timing Analyzer during compilation ; On                 ; On                 ;
; Enable compact report table                                      ; Off                ; Off                ;
; Restructure Multiplexers                                         ; Auto               ; Auto               ;
; Create Debugging Nodes for IP Cores                              ; Off                ; Off                ;
; Preserve fewer node names                                        ; On                 ; On                 ;
; Intel FPGA IP Evaluation Mode                                    ; Enable             ; Enable             ;
; Verilog Version                                                  ; Verilog_2001       ; Verilog_2001       ;
; VHDL Version                                                     ; VHDL_1993          ; VHDL_1993          ;
; State Machine Processing                                         ; Auto               ; Auto               ;
; Safe State Machine                                               ; Off                ; Off                ;
; Extract Verilog State Machines                                   ; On                 ; On                 ;
; Extract VHDL State Machines                                      ; On                 ; On                 ;
; Ignore Verilog initial constructs                                ; Off                ; Off                ;
; Iteration limit for constant Verilog loops                       ; 5000               ; 5000               ;
; Iteration limit for non-constant Verilog loops                   ; 250                ; 250                ;
; Add Pass-Through Logic to Inferred RAMs                          ; On                 ; On                 ;
; Infer RAMs from Raw Logic                                        ; On                 ; On                 ;
; Parallel Synthesis                                               ; On                 ; On                 ;
; DSP Block Balancing                                              ; Auto               ; Auto               ;
; NOT Gate Push-Back                                               ; On                 ; On                 ;
; Power-Up Don't Care                                              ; On                 ; On                 ;
; Remove Redundant Logic Cells                                     ; Off                ; Off                ;
; Remove Duplicate Registers                                       ; On                 ; On                 ;
; Ignore CARRY Buffers                                             ; Off                ; Off                ;
; Ignore CASCADE Buffers                                           ; Off                ; Off                ;
; Ignore GLOBAL Buffers                                            ; Off                ; Off                ;
; Ignore ROW GLOBAL Buffers                                        ; Off                ; Off                ;
; Ignore LCELL Buffers                                             ; Off                ; Off                ;
; Ignore SOFT Buffers                                              ; On                 ; On                 ;
; Limit AHDL Integers to 32 Bits                                   ; Off                ; Off                ;
; Optimization Technique                                           ; Balanced           ; Balanced           ;
; Carry Chain Length                                               ; 70                 ; 70                 ;
; Auto Carry Chains                                                ; On                 ; On                 ;
; Auto Open-Drain Pins                                             ; On                 ; On                 ;
; Perform WYSIWYG Primitive Resynthesis                            ; Off                ; Off                ;
; Auto ROM Replacement                                             ; On                 ; On                 ;
; Auto RAM Replacement                                             ; On                 ; On                 ;
; Auto DSP Block Replacement                                       ; On                 ; On                 ;
; Auto Shift Register Replacement                                  ; Auto               ; Auto               ;
; Allow Shift Register Merging across Hierarchies                  ; Auto               ; Auto               ;
; Auto Clock Enable Replacement                                    ; On                 ; On                 ;
; Strict RAM Replacement                                           ; Off                ; Off                ;
; Allow Synchronous Control Signals                                ; On                 ; On                 ;
; Force Use of Synchronous Clear Signals                           ; Off                ; Off                ;
; Auto RAM Block Balancing                                         ; On                 ; On                 ;
; Auto RAM to Logic Cell Conversion                                ; Off                ; Off                ;
; Auto Resource Sharing                                            ; Off                ; Off                ;
; Allow Any RAM Size For Recognition                               ; Off                ; Off                ;
; Allow Any ROM Size For Recognition                               ; Off                ; Off                ;
; Allow Any Shift Register Size For Recognition                    ; Off                ; Off                ;
; Use LogicLock Constraints during Resource Balancing              ; On                 ; On                 ;
; Ignore translate_off and synthesis_off directives                ; Off                ; Off                ;
; Timing-Driven Synthesis                                          ; On                 ; On                 ;
; Report Parameter Settings                                        ; On                 ; On                 ;
; Report Source Assignments                                        ; On                 ; On                 ;
; Report Connectivity Checks                                       ; On                 ; On                 ;
; Ignore Maximum Fan-Out Assignments                               ; Off                ; Off                ;
; Synchronization Register Chain Length                            ; 2                  ; 2                  ;
; Power Optimization During Synthesis                              ; Normal compilation ; Normal compilation ;
; HDL message level                                                ; Level2             ; Level2             ;
; Suppress Register Optimization Related Messages                  ; Off                ; Off                ;
; Number of Removed Registers Reported in Synthesis Report         ; 5000               ; 5000               ;
; Number of Swept Nodes Reported in Synthesis Report               ; 5000               ; 5000               ;
; Number of Inverted Registers Reported in Synthesis Report        ; 100                ; 100                ;
; Clock MUX Protection                                             ; On                 ; On                 ;
; Auto Gated Clock Conversion                                      ; Off                ; Off                ;
; Block Design Naming                                              ; Auto               ; Auto               ;
; SDC constraint protection                                        ; Off                ; Off                ;
; Synthesis Effort                                                 ; Auto               ; Auto               ;
; Shift Register Replacement - Allow Asynchronous Clear Signal     ; On                 ; On                 ;
; Pre-Mapping Resynthesis Optimization                             ; Off                ; Off                ;
; Analysis & Synthesis Message Level                               ; Medium             ; Medium             ;
; Disable Register Merging Across Hierarchies                      ; Auto               ; Auto               ;
; Resource Aware Inference For Block RAM                           ; On                 ; On                 ;
+------------------------------------------------------------------+--------------------+--------------------+


+------------------------------------------+
; Parallel Compilation                     ;
+----------------------------+-------------+
; Processors                 ; Number      ;
+----------------------------+-------------+
; Number detected on machine ; 16          ;
; Maximum allowed            ; 8           ;
;                            ;             ;
; Average used               ; 1.00        ;
; Maximum used               ; 1           ;
;                            ;             ;
; Usage by Processor         ; % Time Used ;
;     Processor 1            ; 100.0%      ;
+----------------------------+-------------+


+------------------------------------------------------------------------------------------------------------------------------------------------------------------------------------------+
; Analysis & Synthesis Source Files Read                                                                                                                                                   ;
+----------------------------------+-----------------+----------------------------------------+----------------------------------------------------------------------------------+---------+
; File Name with User-Entered Path ; Used in Netlist ; File Type                              ; File Name with Absolute Path                                                     ; Library ;
+----------------------------------+-----------------+----------------------------------------+----------------------------------------------------------------------------------+---------+
; mgb_boot.hex                     ; yes             ; User Hexadecimal (Intel-Format) File   ; S:/FilesSSD/ECE_385/Final_Project/de10boy/quartus_project/mgb_boot.hex           ;         ;
; memory.sv                        ; yes             ; User SystemVerilog HDL File            ; S:/FilesSSD/ECE_385/Final_Project/de10boy/quartus_project/memory.sv              ;         ;
; ram.v                            ; yes             ; User Wizard-Generated File             ; S:/FilesSSD/ECE_385/Final_Project/de10boy/quartus_project/ram.v                  ;         ;
; boot_rom.v                       ; yes             ; User Wizard-Generated File             ; S:/FilesSSD/ECE_385/Final_Project/de10boy/quartus_project/boot_rom.v             ;         ;
; cart_rom.v                       ; yes             ; User Wizard-Generated File             ; S:/FilesSSD/ECE_385/Final_Project/de10boy/quartus_project/cart_rom.v             ;         ;
; altsyncram.tdf                   ; yes             ; Megafunction                           ; c:/intelfpga_lite/18.1/quartus/libraries/megafunctions/altsyncram.tdf            ;         ;
; stratix_ram_block.inc            ; yes             ; Megafunction                           ; c:/intelfpga_lite/18.1/quartus/libraries/megafunctions/stratix_ram_block.inc     ;         ;
; lpm_mux.inc                      ; yes             ; Megafunction                           ; c:/intelfpga_lite/18.1/quartus/libraries/megafunctions/lpm_mux.inc               ;         ;
; lpm_decode.inc                   ; yes             ; Megafunction                           ; c:/intelfpga_lite/18.1/quartus/libraries/megafunctions/lpm_decode.inc            ;         ;
; aglobal181.inc                   ; yes             ; Megafunction                           ; c:/intelfpga_lite/18.1/quartus/libraries/megafunctions/aglobal181.inc            ;         ;
; a_rdenreg.inc                    ; yes             ; Megafunction                           ; c:/intelfpga_lite/18.1/quartus/libraries/megafunctions/a_rdenreg.inc             ;         ;
; altrom.inc                       ; yes             ; Megafunction                           ; c:/intelfpga_lite/18.1/quartus/libraries/megafunctions/altrom.inc                ;         ;
; altram.inc                       ; yes             ; Megafunction                           ; c:/intelfpga_lite/18.1/quartus/libraries/megafunctions/altram.inc                ;         ;
; altdpram.inc                     ; yes             ; Megafunction                           ; c:/intelfpga_lite/18.1/quartus/libraries/megafunctions/altdpram.inc              ;         ;
; db/altsyncram_okf1.tdf           ; yes             ; Auto-Generated Megafunction            ; S:/FilesSSD/ECE_385/Final_Project/de10boy/quartus_project/db/altsyncram_okf1.tdf ;         ;
; db/decode_h7a.tdf                ; yes             ; Auto-Generated Megafunction            ; S:/FilesSSD/ECE_385/Final_Project/de10boy/quartus_project/db/decode_h7a.tdf      ;         ;
; db/decode_aj9.tdf                ; yes             ; Auto-Generated Megafunction            ; S:/FilesSSD/ECE_385/Final_Project/de10boy/quartus_project/db/decode_aj9.tdf      ;         ;
; db/mux_12b.tdf                   ; yes             ; Auto-Generated Megafunction            ; S:/FilesSSD/ECE_385/Final_Project/de10boy/quartus_project/db/mux_12b.tdf         ;         ;
; db/altsyncram_qbb1.tdf           ; yes             ; Auto-Generated Megafunction            ; S:/FilesSSD/ECE_385/Final_Project/de10boy/quartus_project/db/altsyncram_qbb1.tdf ;         ;
; db/altsyncram_pgb1.tdf           ; yes             ; Auto-Generated Megafunction            ; S:/FilesSSD/ECE_385/Final_Project/de10boy/quartus_project/db/altsyncram_pgb1.tdf ;         ;
; dr_mario.hex                     ; yes             ; Auto-Found Memory Initialization File  ; S:/FilesSSD/ECE_385/Final_Project/de10boy/quartus_project/dr_mario.hex           ;         ;
; db/decode_5j9.tdf                ; yes             ; Auto-Generated Megafunction            ; S:/FilesSSD/ECE_385/Final_Project/de10boy/quartus_project/db/decode_5j9.tdf      ;         ;
; db/mux_s1b.tdf                   ; yes             ; Auto-Generated Megafunction            ; S:/FilesSSD/ECE_385/Final_Project/de10boy/quartus_project/db/mux_s1b.tdf         ;         ;
+----------------------------------+-----------------+----------------------------------------+----------------------------------------------------------------------------------+---------+


+-----------------------------------------------------------+
; Analysis & Synthesis Resource Usage Summary               ;
+---------------------------------------------+-------------+
; Resource                                    ; Usage       ;
+---------------------------------------------+-------------+
; Estimated Total logic elements              ; 93          ;
;                                             ;             ;
; Total combinational functions               ; 90          ;
; Logic element usage by number of LUT inputs ;             ;
;     -- 4 input functions                    ; 77          ;
;     -- 3 input functions                    ; 9           ;
;     -- <=2 input functions                  ; 4           ;
;                                             ;             ;
; Logic elements by mode                      ;             ;
;     -- normal mode                          ; 90          ;
;     -- arithmetic mode                      ; 0           ;
;                                             ;             ;
; Total registers                             ; 3           ;
;     -- Dedicated logic registers            ; 3           ;
;     -- I/O registers                        ; 0           ;
;                                             ;             ;
; I/O pins                                    ; 34          ;
; Total memory bits                           ; 788480      ;
;                                             ;             ;
; Embedded Multiplier 9-bit elements          ; 0           ;
;                                             ;             ;
; Maximum fan-out node                        ; clock~input ;
; Maximum fan-out                             ; 107         ;
; Total fan-out                               ; 2031        ;
; Average fan-out                             ; 7.66        ;
+---------------------------------------------+-------------+


+--------------------------------------------------------------------------------------------------------------------------------------------------------------------------------------------------------------------------------------------------------------------------------------------------------------------------------------------------------+
; Analysis & Synthesis Resource Utilization by Entity                                                                                                                                                                                                                                                                                                    ;
+-------------------------------------------+---------------------+---------------------------+-------------+------------+--------------+---------+-----------+------+--------------+------------+----------------------------------------------------------------------------------------------------------------------+-----------------+--------------+
; Compilation Hierarchy Node                ; Combinational ALUTs ; Dedicated Logic Registers ; Memory Bits ; UFM Blocks ; DSP Elements ; DSP 9x9 ; DSP 18x18 ; Pins ; Virtual Pins ; ADC blocks ; Full Hierarchy Name                                                                                                  ; Entity Name     ; Library Name ;
+-------------------------------------------+---------------------+---------------------------+-------------+------------+--------------+---------+-----------+------+--------------+------------+----------------------------------------------------------------------------------------------------------------------+-----------------+--------------+
; |memory                                   ; 90 (22)             ; 3 (0)                     ; 788480      ; 0          ; 0            ; 0       ; 0         ; 34   ; 0            ; 0          ; |memory                                                                                                              ; memory          ; work         ;
;    |boot_rom:boot_rom_inst|               ; 0 (0)               ; 0 (0)                     ; 2048        ; 0          ; 0            ; 0       ; 0         ; 0    ; 0            ; 0          ; |memory|boot_rom:boot_rom_inst                                                                                       ; boot_rom        ; work         ;
;       |altsyncram:altsyncram_component|   ; 0 (0)               ; 0 (0)                     ; 2048        ; 0          ; 0            ; 0       ; 0         ; 0    ; 0            ; 0          ; |memory|boot_rom:boot_rom_inst|altsyncram:altsyncram_component                                                       ; altsyncram      ; work         ;
;          |altsyncram_qbb1:auto_generated| ; 0 (0)               ; 0 (0)                     ; 2048        ; 0          ; 0            ; 0       ; 0         ; 0    ; 0            ; 0          ; |memory|boot_rom:boot_rom_inst|altsyncram:altsyncram_component|altsyncram_qbb1:auto_generated                        ; altsyncram_qbb1 ; work         ;
;    |cart_rom:cart_rom_inst|               ; 20 (0)              ; 2 (0)                     ; 262144      ; 0          ; 0            ; 0       ; 0         ; 0    ; 0            ; 0          ; |memory|cart_rom:cart_rom_inst                                                                                       ; cart_rom        ; work         ;
;       |altsyncram:altsyncram_component|   ; 20 (0)              ; 2 (0)                     ; 262144      ; 0          ; 0            ; 0       ; 0         ; 0    ; 0            ; 0          ; |memory|cart_rom:cart_rom_inst|altsyncram:altsyncram_component                                                       ; altsyncram      ; work         ;
;          |altsyncram_pgb1:auto_generated| ; 20 (0)              ; 2 (2)                     ; 262144      ; 0          ; 0            ; 0       ; 0         ; 0    ; 0            ; 0          ; |memory|cart_rom:cart_rom_inst|altsyncram:altsyncram_component|altsyncram_pgb1:auto_generated                        ; altsyncram_pgb1 ; work         ;
;             |decode_5j9:rden_decode|      ; 4 (4)               ; 0 (0)                     ; 0           ; 0          ; 0            ; 0       ; 0         ; 0    ; 0            ; 0          ; |memory|cart_rom:cart_rom_inst|altsyncram:altsyncram_component|altsyncram_pgb1:auto_generated|decode_5j9:rden_decode ; decode_5j9      ; work         ;
;             |mux_s1b:mux2|                ; 16 (16)             ; 0 (0)                     ; 0           ; 0          ; 0            ; 0       ; 0         ; 0    ; 0            ; 0          ; |memory|cart_rom:cart_rom_inst|altsyncram:altsyncram_component|altsyncram_pgb1:auto_generated|mux_s1b:mux2           ; mux_s1b         ; work         ;
;    |ram:ram_inst|                         ; 48 (0)              ; 1 (0)                     ; 524288      ; 0          ; 0            ; 0       ; 0         ; 0    ; 0            ; 0          ; |memory|ram:ram_inst                                                                                                 ; ram             ; work         ;
;       |altsyncram:altsyncram_component|   ; 48 (0)              ; 1 (0)                     ; 524288      ; 0          ; 0            ; 0       ; 0         ; 0    ; 0            ; 0          ; |memory|ram:ram_inst|altsyncram:altsyncram_component                                                                 ; altsyncram      ; work         ;
;          |altsyncram_okf1:auto_generated| ; 48 (0)              ; 1 (1)                     ; 524288      ; 0          ; 0            ; 0       ; 0         ; 0    ; 0            ; 0          ; |memory|ram:ram_inst|altsyncram:altsyncram_component|altsyncram_okf1:auto_generated                                  ; altsyncram_okf1 ; work         ;
;             |decode_aj9:rden_decode|      ; 8 (8)               ; 0 (0)                     ; 0           ; 0          ; 0            ; 0       ; 0         ; 0    ; 0            ; 0          ; |memory|ram:ram_inst|altsyncram:altsyncram_component|altsyncram_okf1:auto_generated|decode_aj9:rden_decode           ; decode_aj9      ; work         ;
;             |decode_h7a:decode3|          ; 8 (8)               ; 0 (0)                     ; 0           ; 0          ; 0            ; 0       ; 0         ; 0    ; 0            ; 0          ; |memory|ram:ram_inst|altsyncram:altsyncram_component|altsyncram_okf1:auto_generated|decode_h7a:decode3               ; decode_h7a      ; work         ;
;             |mux_12b:mux2|                ; 32 (32)             ; 0 (0)                     ; 0           ; 0          ; 0            ; 0       ; 0         ; 0    ; 0            ; 0          ; |memory|ram:ram_inst|altsyncram:altsyncram_component|altsyncram_okf1:auto_generated|mux_12b:mux2                     ; mux_12b         ; work         ;
+-------------------------------------------+---------------------+---------------------------+-------------+------------+--------------+---------+-----------+------+--------------+------------+----------------------------------------------------------------------------------------------------------------------+-----------------+--------------+
Note: For table entries with two numbers listed, the numbers in parentheses indicate the number of resources of the given type used by the specific entity alone. The numbers listed outside of parentheses indicate the total resources of the given type used by the specific entity and all of its sub-entities in the hierarchy.


+-----------------------------------------------------------------------------------------------------------------------------------------------------------------------------------------------------------+
; Analysis & Synthesis RAM Summary                                                                                                                                                                          ;
+--------------------------------------------------------------------------------------------------+------+-------------+--------------+--------------+--------------+--------------+--------+--------------+
; Name                                                                                             ; Type ; Mode        ; Port A Depth ; Port A Width ; Port B Depth ; Port B Width ; Size   ; MIF          ;
+--------------------------------------------------------------------------------------------------+------+-------------+--------------+--------------+--------------+--------------+--------+--------------+
; boot_rom:boot_rom_inst|altsyncram:altsyncram_component|altsyncram_qbb1:auto_generated|ALTSYNCRAM ; M9K  ; ROM         ; 256          ; 8            ; --           ; --           ; 2048   ; mgb_boot.hex ;
; cart_rom:cart_rom_inst|altsyncram:altsyncram_component|altsyncram_pgb1:auto_generated|ALTSYNCRAM ; M9K  ; ROM         ; 32768        ; 8            ; --           ; --           ; 262144 ; dr_mario.hex ;
; ram:ram_inst|altsyncram:altsyncram_component|altsyncram_okf1:auto_generated|ALTSYNCRAM           ; AUTO ; Single Port ; 65536        ; 8            ; --           ; --           ; 524288 ; None         ;
+--------------------------------------------------------------------------------------------------+------+-------------+--------------+--------------+--------------+--------------+--------+--------------+


+------------------------------------------------------------------------------------------------------------------+
; Analysis & Synthesis IP Cores Summary                                                                            ;
+--------+--------------+---------+--------------+--------------+--------------------------------+-----------------+
; Vendor ; IP Core Name ; Version ; Release Date ; License Type ; Entity Instance                ; IP Include File ;
+--------+--------------+---------+--------------+--------------+--------------------------------+-----------------+
; Altera ; ROM: 1-PORT  ; 18.1    ; N/A          ; N/A          ; |memory|boot_rom:boot_rom_inst ; boot_rom.v      ;
; Altera ; ROM: 1-PORT  ; 18.1    ; N/A          ; N/A          ; |memory|cart_rom:cart_rom_inst ; cart_rom.v      ;
; Altera ; RAM: 1-PORT  ; 18.1    ; N/A          ; N/A          ; |memory|ram:ram_inst           ; ram.v           ;
+--------+--------------+---------+--------------+--------------+--------------------------------+-----------------+


+-------------------------------------------------------------------------------------------------------------------------------------------------------------------------------------------------------------------+
; Registers Removed During Synthesis                                                                                                                                                                                ;
+----------------------------------------------------------------------------------------------+--------------------------------------------------------------------------------------------------------------------+
; Register name                                                                                ; Reason for Removal                                                                                                 ;
+----------------------------------------------------------------------------------------------+--------------------------------------------------------------------------------------------------------------------+
; ram:ram_inst|altsyncram:altsyncram_component|altsyncram_okf1:auto_generated|address_reg_a[0] ; Merged with cart_rom:cart_rom_inst|altsyncram:altsyncram_component|altsyncram_pgb1:auto_generated|address_reg_a[0] ;
; ram:ram_inst|altsyncram:altsyncram_component|altsyncram_okf1:auto_generated|address_reg_a[1] ; Merged with cart_rom:cart_rom_inst|altsyncram:altsyncram_component|altsyncram_pgb1:auto_generated|address_reg_a[1] ;
; Total Number of Removed Registers = 2                                                        ;                                                                                                                    ;
+----------------------------------------------------------------------------------------------+--------------------------------------------------------------------------------------------------------------------+


+------------------------------------------------------+
; General Register Statistics                          ;
+----------------------------------------------+-------+
; Statistic                                    ; Value ;
+----------------------------------------------+-------+
; Total registers                              ; 3     ;
; Number of registers using Synchronous Clear  ; 0     ;
; Number of registers using Synchronous Load   ; 0     ;
; Number of registers using Asynchronous Clear ; 0     ;
; Number of registers using Asynchronous Load  ; 0     ;
; Number of registers using Clock Enable       ; 0     ;
; Number of registers using Preset             ; 0     ;
+----------------------------------------------+-------+


+------------------------------------------------------------------------------------------------------------------------------------------+
; Multiplexer Restructuring Statistics (Restructuring Performed)                                                                           ;
+--------------------+-----------+---------------+----------------------+------------------------+------------+----------------------------+
; Multiplexer Inputs ; Bus Width ; Baseline Area ; Area if Restructured ; Saving if Restructured ; Registered ; Example Multiplexer Output ;
+--------------------+-----------+---------------+----------------------+------------------------+------------+----------------------------+
; 4:1                ; 8 bits    ; 16 LEs        ; 16 LEs               ; 0 LEs                  ; No         ; |memory|data_out           ;
+--------------------+-----------+---------------+----------------------+------------------------+------------+----------------------------+


+----------------------------------------------------------------------------------------------------+
; Source assignments for ram:ram_inst|altsyncram:altsyncram_component|altsyncram_okf1:auto_generated ;
+---------------------------------+--------------------+------+--------------------------------------+
; Assignment                      ; Value              ; From ; To                                   ;
+---------------------------------+--------------------+------+--------------------------------------+
; OPTIMIZE_POWER_DURING_SYNTHESIS ; NORMAL_COMPILATION ; -    ; -                                    ;
+---------------------------------+--------------------+------+--------------------------------------+


+--------------------------------------------------------------------------------------------------------------+
; Source assignments for boot_rom:boot_rom_inst|altsyncram:altsyncram_component|altsyncram_qbb1:auto_generated ;
+---------------------------------+--------------------+------+------------------------------------------------+
; Assignment                      ; Value              ; From ; To                                             ;
+---------------------------------+--------------------+------+------------------------------------------------+
; OPTIMIZE_POWER_DURING_SYNTHESIS ; NORMAL_COMPILATION ; -    ; -                                              ;
+---------------------------------+--------------------+------+------------------------------------------------+


+--------------------------------------------------------------------------------------------------------------+
; Source assignments for cart_rom:cart_rom_inst|altsyncram:altsyncram_component|altsyncram_pgb1:auto_generated ;
+---------------------------------+--------------------+------+------------------------------------------------+
; Assignment                      ; Value              ; From ; To                                             ;
+---------------------------------+--------------------+------+------------------------------------------------+
; OPTIMIZE_POWER_DURING_SYNTHESIS ; NORMAL_COMPILATION ; -    ; -                                              ;
+---------------------------------+--------------------+------+------------------------------------------------+


+-------------------------------------------------------------------------------------------+
; Parameter Settings for User Entity Instance: ram:ram_inst|altsyncram:altsyncram_component ;
+------------------------------------+----------------------+-------------------------------+
; Parameter Name                     ; Value                ; Type                          ;
+------------------------------------+----------------------+-------------------------------+
; BYTE_SIZE_BLOCK                    ; 8                    ; Untyped                       ;
; AUTO_CARRY_CHAINS                  ; ON                   ; AUTO_CARRY                    ;
; IGNORE_CARRY_BUFFERS               ; OFF                  ; IGNORE_CARRY                  ;
; AUTO_CASCADE_CHAINS                ; ON                   ; AUTO_CASCADE                  ;
; IGNORE_CASCADE_BUFFERS             ; OFF                  ; IGNORE_CASCADE                ;
; WIDTH_BYTEENA                      ; 1                    ; Untyped                       ;
; OPERATION_MODE                     ; SINGLE_PORT          ; Untyped                       ;
; WIDTH_A                            ; 8                    ; Signed Integer                ;
; WIDTHAD_A                          ; 16                   ; Signed Integer                ;
; NUMWORDS_A                         ; 65536                ; Signed Integer                ;
; OUTDATA_REG_A                      ; UNREGISTERED         ; Untyped                       ;
; ADDRESS_ACLR_A                     ; NONE                 ; Untyped                       ;
; OUTDATA_ACLR_A                     ; NONE                 ; Untyped                       ;
; WRCONTROL_ACLR_A                   ; NONE                 ; Untyped                       ;
; INDATA_ACLR_A                      ; NONE                 ; Untyped                       ;
; BYTEENA_ACLR_A                     ; NONE                 ; Untyped                       ;
; WIDTH_B                            ; 1                    ; Untyped                       ;
; WIDTHAD_B                          ; 1                    ; Untyped                       ;
; NUMWORDS_B                         ; 1                    ; Untyped                       ;
; INDATA_REG_B                       ; CLOCK1               ; Untyped                       ;
; WRCONTROL_WRADDRESS_REG_B          ; CLOCK1               ; Untyped                       ;
; RDCONTROL_REG_B                    ; CLOCK1               ; Untyped                       ;
; ADDRESS_REG_B                      ; CLOCK1               ; Untyped                       ;
; OUTDATA_REG_B                      ; UNREGISTERED         ; Untyped                       ;
; BYTEENA_REG_B                      ; CLOCK1               ; Untyped                       ;
; INDATA_ACLR_B                      ; NONE                 ; Untyped                       ;
; WRCONTROL_ACLR_B                   ; NONE                 ; Untyped                       ;
; ADDRESS_ACLR_B                     ; NONE                 ; Untyped                       ;
; OUTDATA_ACLR_B                     ; NONE                 ; Untyped                       ;
; RDCONTROL_ACLR_B                   ; NONE                 ; Untyped                       ;
; BYTEENA_ACLR_B                     ; NONE                 ; Untyped                       ;
; WIDTH_BYTEENA_A                    ; 1                    ; Signed Integer                ;
; WIDTH_BYTEENA_B                    ; 1                    ; Untyped                       ;
; RAM_BLOCK_TYPE                     ; AUTO                 ; Untyped                       ;
; BYTE_SIZE                          ; 8                    ; Untyped                       ;
; READ_DURING_WRITE_MODE_MIXED_PORTS ; DONT_CARE            ; Untyped                       ;
; READ_DURING_WRITE_MODE_PORT_A      ; NEW_DATA_NO_NBE_READ ; Untyped                       ;
; READ_DURING_WRITE_MODE_PORT_B      ; NEW_DATA_NO_NBE_READ ; Untyped                       ;
; INIT_FILE                          ; UNUSED               ; Untyped                       ;
; INIT_FILE_LAYOUT                   ; PORT_A               ; Untyped                       ;
; MAXIMUM_DEPTH                      ; 0                    ; Untyped                       ;
; CLOCK_ENABLE_INPUT_A               ; BYPASS               ; Untyped                       ;
; CLOCK_ENABLE_INPUT_B               ; NORMAL               ; Untyped                       ;
; CLOCK_ENABLE_OUTPUT_A              ; BYPASS               ; Untyped                       ;
; CLOCK_ENABLE_OUTPUT_B              ; NORMAL               ; Untyped                       ;
; CLOCK_ENABLE_CORE_A                ; USE_INPUT_CLKEN      ; Untyped                       ;
; CLOCK_ENABLE_CORE_B                ; USE_INPUT_CLKEN      ; Untyped                       ;
; ENABLE_ECC                         ; FALSE                ; Untyped                       ;
; ECC_PIPELINE_STAGE_ENABLED         ; FALSE                ; Untyped                       ;
; WIDTH_ECCSTATUS                    ; 3                    ; Untyped                       ;
; DEVICE_FAMILY                      ; MAX 10               ; Untyped                       ;
; CBXI_PARAMETER                     ; altsyncram_okf1      ; Untyped                       ;
+------------------------------------+----------------------+-------------------------------+
Note: In order to hide this table in the UI and the text report file, please set the "Show Parameter Settings in Synthesis Report" option in "Analysis and Synthesis Settings -> More Settings" to "Off".


+-----------------------------------------------------------------------------------------------------+
; Parameter Settings for User Entity Instance: boot_rom:boot_rom_inst|altsyncram:altsyncram_component ;
+------------------------------------+----------------------+-----------------------------------------+
; Parameter Name                     ; Value                ; Type                                    ;
+------------------------------------+----------------------+-----------------------------------------+
; BYTE_SIZE_BLOCK                    ; 8                    ; Untyped                                 ;
; AUTO_CARRY_CHAINS                  ; ON                   ; AUTO_CARRY                              ;
; IGNORE_CARRY_BUFFERS               ; OFF                  ; IGNORE_CARRY                            ;
; AUTO_CASCADE_CHAINS                ; ON                   ; AUTO_CASCADE                            ;
; IGNORE_CASCADE_BUFFERS             ; OFF                  ; IGNORE_CASCADE                          ;
; WIDTH_BYTEENA                      ; 1                    ; Untyped                                 ;
; OPERATION_MODE                     ; ROM                  ; Untyped                                 ;
; WIDTH_A                            ; 8                    ; Signed Integer                          ;
; WIDTHAD_A                          ; 8                    ; Signed Integer                          ;
; NUMWORDS_A                         ; 256                  ; Signed Integer                          ;
; OUTDATA_REG_A                      ; UNREGISTERED         ; Untyped                                 ;
; ADDRESS_ACLR_A                     ; NONE                 ; Untyped                                 ;
; OUTDATA_ACLR_A                     ; NONE                 ; Untyped                                 ;
; WRCONTROL_ACLR_A                   ; NONE                 ; Untyped                                 ;
; INDATA_ACLR_A                      ; NONE                 ; Untyped                                 ;
; BYTEENA_ACLR_A                     ; NONE                 ; Untyped                                 ;
; WIDTH_B                            ; 1                    ; Untyped                                 ;
; WIDTHAD_B                          ; 1                    ; Untyped                                 ;
; NUMWORDS_B                         ; 1                    ; Untyped                                 ;
; INDATA_REG_B                       ; CLOCK1               ; Untyped                                 ;
; WRCONTROL_WRADDRESS_REG_B          ; CLOCK1               ; Untyped                                 ;
; RDCONTROL_REG_B                    ; CLOCK1               ; Untyped                                 ;
; ADDRESS_REG_B                      ; CLOCK1               ; Untyped                                 ;
; OUTDATA_REG_B                      ; UNREGISTERED         ; Untyped                                 ;
; BYTEENA_REG_B                      ; CLOCK1               ; Untyped                                 ;
; INDATA_ACLR_B                      ; NONE                 ; Untyped                                 ;
; WRCONTROL_ACLR_B                   ; NONE                 ; Untyped                                 ;
; ADDRESS_ACLR_B                     ; NONE                 ; Untyped                                 ;
; OUTDATA_ACLR_B                     ; NONE                 ; Untyped                                 ;
; RDCONTROL_ACLR_B                   ; NONE                 ; Untyped                                 ;
; BYTEENA_ACLR_B                     ; NONE                 ; Untyped                                 ;
; WIDTH_BYTEENA_A                    ; 1                    ; Signed Integer                          ;
; WIDTH_BYTEENA_B                    ; 1                    ; Untyped                                 ;
; RAM_BLOCK_TYPE                     ; M9K                  ; Untyped                                 ;
; BYTE_SIZE                          ; 8                    ; Untyped                                 ;
; READ_DURING_WRITE_MODE_MIXED_PORTS ; DONT_CARE            ; Untyped                                 ;
; READ_DURING_WRITE_MODE_PORT_A      ; NEW_DATA_NO_NBE_READ ; Untyped                                 ;
; READ_DURING_WRITE_MODE_PORT_B      ; NEW_DATA_NO_NBE_READ ; Untyped                                 ;
; INIT_FILE                          ; mgb_boot.hex         ; Untyped                                 ;
; INIT_FILE_LAYOUT                   ; PORT_A               ; Untyped                                 ;
; MAXIMUM_DEPTH                      ; 0                    ; Untyped                                 ;
; CLOCK_ENABLE_INPUT_A               ; BYPASS               ; Untyped                                 ;
; CLOCK_ENABLE_INPUT_B               ; NORMAL               ; Untyped                                 ;
; CLOCK_ENABLE_OUTPUT_A              ; BYPASS               ; Untyped                                 ;
; CLOCK_ENABLE_OUTPUT_B              ; NORMAL               ; Untyped                                 ;
; CLOCK_ENABLE_CORE_A                ; USE_INPUT_CLKEN      ; Untyped                                 ;
; CLOCK_ENABLE_CORE_B                ; USE_INPUT_CLKEN      ; Untyped                                 ;
; ENABLE_ECC                         ; FALSE                ; Untyped                                 ;
; ECC_PIPELINE_STAGE_ENABLED         ; FALSE                ; Untyped                                 ;
; WIDTH_ECCSTATUS                    ; 3                    ; Untyped                                 ;
; DEVICE_FAMILY                      ; MAX 10               ; Untyped                                 ;
; CBXI_PARAMETER                     ; altsyncram_qbb1      ; Untyped                                 ;
+------------------------------------+----------------------+-----------------------------------------+
Note: In order to hide this table in the UI and the text report file, please set the "Show Parameter Settings in Synthesis Report" option in "Analysis and Synthesis Settings -> More Settings" to "Off".


+-----------------------------------------------------------------------------------------------------+
; Parameter Settings for User Entity Instance: cart_rom:cart_rom_inst|altsyncram:altsyncram_component ;
+------------------------------------+----------------------+-----------------------------------------+
; Parameter Name                     ; Value                ; Type                                    ;
+------------------------------------+----------------------+-----------------------------------------+
; BYTE_SIZE_BLOCK                    ; 8                    ; Untyped                                 ;
; AUTO_CARRY_CHAINS                  ; ON                   ; AUTO_CARRY                              ;
; IGNORE_CARRY_BUFFERS               ; OFF                  ; IGNORE_CARRY                            ;
; AUTO_CASCADE_CHAINS                ; ON                   ; AUTO_CASCADE                            ;
; IGNORE_CASCADE_BUFFERS             ; OFF                  ; IGNORE_CASCADE                          ;
; WIDTH_BYTEENA                      ; 1                    ; Untyped                                 ;
; OPERATION_MODE                     ; ROM                  ; Untyped                                 ;
; WIDTH_A                            ; 8                    ; Signed Integer                          ;
; WIDTHAD_A                          ; 15                   ; Signed Integer                          ;
; NUMWORDS_A                         ; 32768                ; Signed Integer                          ;
; OUTDATA_REG_A                      ; UNREGISTERED         ; Untyped                                 ;
; ADDRESS_ACLR_A                     ; NONE                 ; Untyped                                 ;
; OUTDATA_ACLR_A                     ; NONE                 ; Untyped                                 ;
; WRCONTROL_ACLR_A                   ; NONE                 ; Untyped                                 ;
; INDATA_ACLR_A                      ; NONE                 ; Untyped                                 ;
; BYTEENA_ACLR_A                     ; NONE                 ; Untyped                                 ;
; WIDTH_B                            ; 1                    ; Untyped                                 ;
; WIDTHAD_B                          ; 1                    ; Untyped                                 ;
; NUMWORDS_B                         ; 1                    ; Untyped                                 ;
; INDATA_REG_B                       ; CLOCK1               ; Untyped                                 ;
; WRCONTROL_WRADDRESS_REG_B          ; CLOCK1               ; Untyped                                 ;
; RDCONTROL_REG_B                    ; CLOCK1               ; Untyped                                 ;
; ADDRESS_REG_B                      ; CLOCK1               ; Untyped                                 ;
; OUTDATA_REG_B                      ; UNREGISTERED         ; Untyped                                 ;
; BYTEENA_REG_B                      ; CLOCK1               ; Untyped                                 ;
; INDATA_ACLR_B                      ; NONE                 ; Untyped                                 ;
; WRCONTROL_ACLR_B                   ; NONE                 ; Untyped                                 ;
; ADDRESS_ACLR_B                     ; NONE                 ; Untyped                                 ;
; OUTDATA_ACLR_B                     ; NONE                 ; Untyped                                 ;
; RDCONTROL_ACLR_B                   ; NONE                 ; Untyped                                 ;
; BYTEENA_ACLR_B                     ; NONE                 ; Untyped                                 ;
; WIDTH_BYTEENA_A                    ; 1                    ; Signed Integer                          ;
; WIDTH_BYTEENA_B                    ; 1                    ; Untyped                                 ;
; RAM_BLOCK_TYPE                     ; M9K                  ; Untyped                                 ;
; BYTE_SIZE                          ; 8                    ; Untyped                                 ;
; READ_DURING_WRITE_MODE_MIXED_PORTS ; DONT_CARE            ; Untyped                                 ;
; READ_DURING_WRITE_MODE_PORT_A      ; NEW_DATA_NO_NBE_READ ; Untyped                                 ;
; READ_DURING_WRITE_MODE_PORT_B      ; NEW_DATA_NO_NBE_READ ; Untyped                                 ;
; INIT_FILE                          ; dr_mario.hex         ; Untyped                                 ;
; INIT_FILE_LAYOUT                   ; PORT_A               ; Untyped                                 ;
; MAXIMUM_DEPTH                      ; 0                    ; Untyped                                 ;
; CLOCK_ENABLE_INPUT_A               ; BYPASS               ; Untyped                                 ;
; CLOCK_ENABLE_INPUT_B               ; NORMAL               ; Untyped                                 ;
; CLOCK_ENABLE_OUTPUT_A              ; BYPASS               ; Untyped                                 ;
; CLOCK_ENABLE_OUTPUT_B              ; NORMAL               ; Untyped                                 ;
; CLOCK_ENABLE_CORE_A                ; USE_INPUT_CLKEN      ; Untyped                                 ;
; CLOCK_ENABLE_CORE_B                ; USE_INPUT_CLKEN      ; Untyped                                 ;
; ENABLE_ECC                         ; FALSE                ; Untyped                                 ;
; ECC_PIPELINE_STAGE_ENABLED         ; FALSE                ; Untyped                                 ;
; WIDTH_ECCSTATUS                    ; 3                    ; Untyped                                 ;
; DEVICE_FAMILY                      ; MAX 10               ; Untyped                                 ;
; CBXI_PARAMETER                     ; altsyncram_pgb1      ; Untyped                                 ;
+------------------------------------+----------------------+-----------------------------------------+
Note: In order to hide this table in the UI and the text report file, please set the "Show Parameter Settings in Synthesis Report" option in "Analysis and Synthesis Settings -> More Settings" to "Off".


+----------------------------------------------------------------------------------------------------+
; altsyncram Parameter Settings by Entity Instance                                                   ;
+-------------------------------------------+--------------------------------------------------------+
; Name                                      ; Value                                                  ;
+-------------------------------------------+--------------------------------------------------------+
; Number of entity instances                ; 3                                                      ;
; Entity Instance                           ; ram:ram_inst|altsyncram:altsyncram_component           ;
;     -- OPERATION_MODE                     ; SINGLE_PORT                                            ;
;     -- WIDTH_A                            ; 8                                                      ;
;     -- NUMWORDS_A                         ; 65536                                                  ;
;     -- OUTDATA_REG_A                      ; UNREGISTERED                                           ;
;     -- WIDTH_B                            ; 1                                                      ;
;     -- NUMWORDS_B                         ; 1                                                      ;
;     -- ADDRESS_REG_B                      ; CLOCK1                                                 ;
;     -- OUTDATA_REG_B                      ; UNREGISTERED                                           ;
;     -- RAM_BLOCK_TYPE                     ; AUTO                                                   ;
;     -- READ_DURING_WRITE_MODE_MIXED_PORTS ; DONT_CARE                                              ;
; Entity Instance                           ; boot_rom:boot_rom_inst|altsyncram:altsyncram_component ;
;     -- OPERATION_MODE                     ; ROM                                                    ;
;     -- WIDTH_A                            ; 8                                                      ;
;     -- NUMWORDS_A                         ; 256                                                    ;
;     -- OUTDATA_REG_A                      ; UNREGISTERED                                           ;
;     -- WIDTH_B                            ; 1                                                      ;
;     -- NUMWORDS_B                         ; 1                                                      ;
;     -- ADDRESS_REG_B                      ; CLOCK1                                                 ;
;     -- OUTDATA_REG_B                      ; UNREGISTERED                                           ;
;     -- RAM_BLOCK_TYPE                     ; M9K                                                    ;
;     -- READ_DURING_WRITE_MODE_MIXED_PORTS ; DONT_CARE                                              ;
; Entity Instance                           ; cart_rom:cart_rom_inst|altsyncram:altsyncram_component ;
;     -- OPERATION_MODE                     ; ROM                                                    ;
;     -- WIDTH_A                            ; 8                                                      ;
;     -- NUMWORDS_A                         ; 32768                                                  ;
;     -- OUTDATA_REG_A                      ; UNREGISTERED                                           ;
;     -- WIDTH_B                            ; 1                                                      ;
;     -- NUMWORDS_B                         ; 1                                                      ;
;     -- ADDRESS_REG_B                      ; CLOCK1                                                 ;
;     -- OUTDATA_REG_B                      ; UNREGISTERED                                           ;
;     -- RAM_BLOCK_TYPE                     ; M9K                                                    ;
;     -- READ_DURING_WRITE_MODE_MIXED_PORTS ; DONT_CARE                                              ;
+-------------------------------------------+--------------------------------------------------------+


+-----------------------------------------------------+
; Post-Synthesis Netlist Statistics for Top Partition ;
+-----------------------+-----------------------------+
; Type                  ; Count                       ;
+-----------------------+-----------------------------+
; boundary_port         ; 34                          ;
; cycloneiii_ff         ; 3                           ;
;     plain             ; 3                           ;
; cycloneiii_lcell_comb ; 90                          ;
;     normal            ; 90                          ;
;         2 data inputs ; 4                           ;
;         3 data inputs ; 9                           ;
;         4 data inputs ; 77                          ;
; cycloneiii_ram_block  ; 104                         ;
;                       ;                             ;
; Max LUT depth         ; 5.00                        ;
; Average LUT depth     ; 3.16                        ;
+-----------------------+-----------------------------+


+-------------------------------+
; Elapsed Time Per Partition    ;
+----------------+--------------+
; Partition Name ; Elapsed Time ;
+----------------+--------------+
; Top            ; 00:00:00     ;
+----------------+--------------+


+-------------------------------+
; Analysis & Synthesis Messages ;
+-------------------------------+
Info: *******************************************************************
Info: Running Quartus Prime Analysis & Synthesis
    Info: Version 18.1.0 Build 625 09/12/2018 SJ Lite Edition
    Info: Processing started: Thu Nov 12 23:16:47 2020
Info: Command: quartus_map --read_settings_files=on --write_settings_files=off de10boy -c de10boy
Warning (18236): Number of processors has not been specified which may cause overloading on shared machines.  Set the global assignment NUM_PARALLEL_PROCESSORS in your QSF to an appropriate value for best performance.
Info (20030): Parallel compilation is enabled and will use 8 of the 8 processors detected
Info (12021): Found 1 design units, including 1 entities, in source file memory.sv
    Info (12023): Found entity 1: memory File: S:/FilesSSD/ECE_385/Final_Project/de10boy/quartus_project/memory.sv Line: 1
Info (12021): Found 1 design units, including 1 entities, in source file ram.v
    Info (12023): Found entity 1: ram File: S:/FilesSSD/ECE_385/Final_Project/de10boy/quartus_project/ram.v Line: 39
Info (12021): Found 1 design units, including 1 entities, in source file boot_rom.v
    Info (12023): Found entity 1: boot_rom File: S:/FilesSSD/ECE_385/Final_Project/de10boy/quartus_project/boot_rom.v Line: 39
Info (12021): Found 1 design units, including 1 entities, in source file cart_rom.v
    Info (12023): Found entity 1: cart_rom File: S:/FilesSSD/ECE_385/Final_Project/de10boy/quartus_project/cart_rom.v Line: 39
Info (12127): Elaborating entity "memory" for the top level hierarchy
Info (12128): Elaborating entity "ram" for hierarchy "ram:ram_inst" File: S:/FilesSSD/ECE_385/Final_Project/de10boy/quartus_project/memory.sv Line: 19
Info (12128): Elaborating entity "altsyncram" for hierarchy "ram:ram_inst|altsyncram:altsyncram_component" File: S:/FilesSSD/ECE_385/Final_Project/de10boy/quartus_project/ram.v Line: 85
Info (12130): Elaborated megafunction instantiation "ram:ram_inst|altsyncram:altsyncram_component" File: S:/FilesSSD/ECE_385/Final_Project/de10boy/quartus_project/ram.v Line: 85
Info (12133): Instantiated megafunction "ram:ram_inst|altsyncram:altsyncram_component" with the following parameter: File: S:/FilesSSD/ECE_385/Final_Project/de10boy/quartus_project/ram.v Line: 85
    Info (12134): Parameter "clock_enable_input_a" = "BYPASS"
    Info (12134): Parameter "clock_enable_output_a" = "BYPASS"
    Info (12134): Parameter "intended_device_family" = "MAX 10"
    Info (12134): Parameter "lpm_hint" = "ENABLE_RUNTIME_MOD=NO"
    Info (12134): Parameter "lpm_type" = "altsyncram"
    Info (12134): Parameter "numwords_a" = "65536"
    Info (12134): Parameter "operation_mode" = "SINGLE_PORT"
    Info (12134): Parameter "outdata_aclr_a" = "NONE"
    Info (12134): Parameter "outdata_reg_a" = "UNREGISTERED"
    Info (12134): Parameter "power_up_uninitialized" = "FALSE"
    Info (12134): Parameter "read_during_write_mode_port_a" = "NEW_DATA_NO_NBE_READ"
    Info (12134): Parameter "widthad_a" = "16"
    Info (12134): Parameter "width_a" = "8"
    Info (12134): Parameter "width_byteena_a" = "1"
Info (12021): Found 1 design units, including 1 entities, in source file db/altsyncram_okf1.tdf
    Info (12023): Found entity 1: altsyncram_okf1 File: S:/FilesSSD/ECE_385/Final_Project/de10boy/quartus_project/db/altsyncram_okf1.tdf Line: 33
Info (12128): Elaborating entity "altsyncram_okf1" for hierarchy "ram:ram_inst|altsyncram:altsyncram_component|altsyncram_okf1:auto_generated" File: c:/intelfpga_lite/18.1/quartus/libraries/megafunctions/altsyncram.tdf Line: 791
Info (12021): Found 1 design units, including 1 entities, in source file db/decode_h7a.tdf
    Info (12023): Found entity 1: decode_h7a File: S:/FilesSSD/ECE_385/Final_Project/de10boy/quartus_project/db/decode_h7a.tdf Line: 22
Info (12128): Elaborating entity "decode_h7a" for hierarchy "ram:ram_inst|altsyncram:altsyncram_component|altsyncram_okf1:auto_generated|decode_h7a:decode3" File: S:/FilesSSD/ECE_385/Final_Project/de10boy/quartus_project/db/altsyncram_okf1.tdf Line: 43
Info (12021): Found 1 design units, including 1 entities, in source file db/decode_aj9.tdf
    Info (12023): Found entity 1: decode_aj9 File: S:/FilesSSD/ECE_385/Final_Project/de10boy/quartus_project/db/decode_aj9.tdf Line: 22
Info (12128): Elaborating entity "decode_aj9" for hierarchy "ram:ram_inst|altsyncram:altsyncram_component|altsyncram_okf1:auto_generated|decode_aj9:rden_decode" File: S:/FilesSSD/ECE_385/Final_Project/de10boy/quartus_project/db/altsyncram_okf1.tdf Line: 44
Info (12021): Found 1 design units, including 1 entities, in source file db/mux_12b.tdf
    Info (12023): Found entity 1: mux_12b File: S:/FilesSSD/ECE_385/Final_Project/de10boy/quartus_project/db/mux_12b.tdf Line: 22
Info (12128): Elaborating entity "mux_12b" for hierarchy "ram:ram_inst|altsyncram:altsyncram_component|altsyncram_okf1:auto_generated|mux_12b:mux2" File: S:/FilesSSD/ECE_385/Final_Project/de10boy/quartus_project/db/altsyncram_okf1.tdf Line: 45
Info (12128): Elaborating entity "boot_rom" for hierarchy "boot_rom:boot_rom_inst" File: S:/FilesSSD/ECE_385/Final_Project/de10boy/quartus_project/memory.sv Line: 25
Info (12128): Elaborating entity "altsyncram" for hierarchy "boot_rom:boot_rom_inst|altsyncram:altsyncram_component" File: S:/FilesSSD/ECE_385/Final_Project/de10boy/quartus_project/boot_rom.v Line: 81
Info (12130): Elaborated megafunction instantiation "boot_rom:boot_rom_inst|altsyncram:altsyncram_component" File: S:/FilesSSD/ECE_385/Final_Project/de10boy/quartus_project/boot_rom.v Line: 81
Info (12133): Instantiated megafunction "boot_rom:boot_rom_inst|altsyncram:altsyncram_component" with the following parameter: File: S:/FilesSSD/ECE_385/Final_Project/de10boy/quartus_project/boot_rom.v Line: 81
    Info (12134): Parameter "address_aclr_a" = "NONE"
    Info (12134): Parameter "clock_enable_input_a" = "BYPASS"
    Info (12134): Parameter "clock_enable_output_a" = "BYPASS"
    Info (12134): Parameter "init_file" = "mgb_boot.hex"
    Info (12134): Parameter "intended_device_family" = "MAX 10"
    Info (12134): Parameter "lpm_hint" = "ENABLE_RUNTIME_MOD=NO"
    Info (12134): Parameter "lpm_type" = "altsyncram"
    Info (12134): Parameter "numwords_a" = "256"
    Info (12134): Parameter "operation_mode" = "ROM"
    Info (12134): Parameter "outdata_aclr_a" = "NONE"
    Info (12134): Parameter "outdata_reg_a" = "UNREGISTERED"
    Info (12134): Parameter "ram_block_type" = "M9K"
    Info (12134): Parameter "widthad_a" = "8"
    Info (12134): Parameter "width_a" = "8"
    Info (12134): Parameter "width_byteena_a" = "1"
Info (12021): Found 1 design units, including 1 entities, in source file db/altsyncram_qbb1.tdf
    Info (12023): Found entity 1: altsyncram_qbb1 File: S:/FilesSSD/ECE_385/Final_Project/de10boy/quartus_project/db/altsyncram_qbb1.tdf Line: 27
Info (12128): Elaborating entity "altsyncram_qbb1" for hierarchy "boot_rom:boot_rom_inst|altsyncram:altsyncram_component|altsyncram_qbb1:auto_generated" File: c:/intelfpga_lite/18.1/quartus/libraries/megafunctions/altsyncram.tdf Line: 791
Info (12128): Elaborating entity "cart_rom" for hierarchy "cart_rom:cart_rom_inst" File: S:/FilesSSD/ECE_385/Final_Project/de10boy/quartus_project/memory.sv Line: 31
Info (12128): Elaborating entity "altsyncram" for hierarchy "cart_rom:cart_rom_inst|altsyncram:altsyncram_component" File: S:/FilesSSD/ECE_385/Final_Project/de10boy/quartus_project/cart_rom.v Line: 81
Info (12130): Elaborated megafunction instantiation "cart_rom:cart_rom_inst|altsyncram:altsyncram_component" File: S:/FilesSSD/ECE_385/Final_Project/de10boy/quartus_project/cart_rom.v Line: 81
Info (12133): Instantiated megafunction "cart_rom:cart_rom_inst|altsyncram:altsyncram_component" with the following parameter: File: S:/FilesSSD/ECE_385/Final_Project/de10boy/quartus_project/cart_rom.v Line: 81
    Info (12134): Parameter "address_aclr_a" = "NONE"
    Info (12134): Parameter "clock_enable_input_a" = "BYPASS"
    Info (12134): Parameter "clock_enable_output_a" = "BYPASS"
    Info (12134): Parameter "init_file" = "dr_mario.hex"
    Info (12134): Parameter "intended_device_family" = "MAX 10"
    Info (12134): Parameter "lpm_hint" = "ENABLE_RUNTIME_MOD=NO"
    Info (12134): Parameter "lpm_type" = "altsyncram"
    Info (12134): Parameter "numwords_a" = "32768"
    Info (12134): Parameter "operation_mode" = "ROM"
    Info (12134): Parameter "outdata_aclr_a" = "NONE"
    Info (12134): Parameter "outdata_reg_a" = "UNREGISTERED"
    Info (12134): Parameter "ram_block_type" = "M9K"
    Info (12134): Parameter "widthad_a" = "15"
    Info (12134): Parameter "width_a" = "8"
    Info (12134): Parameter "width_byteena_a" = "1"
Info (12021): Found 1 design units, including 1 entities, in source file db/altsyncram_pgb1.tdf
    Info (12023): Found entity 1: altsyncram_pgb1 File: S:/FilesSSD/ECE_385/Final_Project/de10boy/quartus_project/db/altsyncram_pgb1.tdf Line: 31
Info (12128): Elaborating entity "altsyncram_pgb1" for hierarchy "cart_rom:cart_rom_inst|altsyncram:altsyncram_component|altsyncram_pgb1:auto_generated" File: c:/intelfpga_lite/18.1/quartus/libraries/megafunctions/altsyncram.tdf Line: 791
Warning (113015): Width of data items in "dr_mario.hex" is greater than the memory width. Wrapping data items to subsequent addresses. Found 1024 warnings, reporting 10 File: S:/FilesSSD/ECE_385/Final_Project/de10boy/quartus_project/dr_mario.hex Line: 1
    Warning (113009): Data at line (2) of memory initialization file "dr_mario.hex" is too wide to fit in one memory word. Wrapping data to subsequent addresses. File: S:/FilesSSD/ECE_385/Final_Project/de10boy/quartus_project/dr_mario.hex Line: 2
    Warning (113009): Data at line (3) of memory initialization file "dr_mario.hex" is too wide to fit in one memory word. Wrapping data to subsequent addresses. File: S:/FilesSSD/ECE_385/Final_Project/de10boy/quartus_project/dr_mario.hex Line: 3
    Warning (113009): Data at line (4) of memory initialization file "dr_mario.hex" is too wide to fit in one memory word. Wrapping data to subsequent addresses. File: S:/FilesSSD/ECE_385/Final_Project/de10boy/quartus_project/dr_mario.hex Line: 4
    Warning (113009): Data at line (5) of memory initialization file "dr_mario.hex" is too wide to fit in one memory word. Wrapping data to subsequent addresses. File: S:/FilesSSD/ECE_385/Final_Project/de10boy/quartus_project/dr_mario.hex Line: 5
    Warning (113009): Data at line (6) of memory initialization file "dr_mario.hex" is too wide to fit in one memory word. Wrapping data to subsequent addresses. File: S:/FilesSSD/ECE_385/Final_Project/de10boy/quartus_project/dr_mario.hex Line: 6
    Warning (113009): Data at line (7) of memory initialization file "dr_mario.hex" is too wide to fit in one memory word. Wrapping data to subsequent addresses. File: S:/FilesSSD/ECE_385/Final_Project/de10boy/quartus_project/dr_mario.hex Line: 7
    Warning (113009): Data at line (8) of memory initialization file "dr_mario.hex" is too wide to fit in one memory word. Wrapping data to subsequent addresses. File: S:/FilesSSD/ECE_385/Final_Project/de10boy/quartus_project/dr_mario.hex Line: 8
    Warning (113009): Data at line (9) of memory initialization file "dr_mario.hex" is too wide to fit in one memory word. Wrapping data to subsequent addresses. File: S:/FilesSSD/ECE_385/Final_Project/de10boy/quartus_project/dr_mario.hex Line: 9
    Warning (113009): Data at line (10) of memory initialization file "dr_mario.hex" is too wide to fit in one memory word. Wrapping data to subsequent addresses. File: S:/FilesSSD/ECE_385/Final_Project/de10boy/quartus_project/dr_mario.hex Line: 10
    Warning (113009): Data at line (11) of memory initialization file "dr_mario.hex" is too wide to fit in one memory word. Wrapping data to subsequent addresses. File: S:/FilesSSD/ECE_385/Final_Project/de10boy/quartus_project/dr_mario.hex Line: 11
Info (12021): Found 1 design units, including 1 entities, in source file db/decode_5j9.tdf
    Info (12023): Found entity 1: decode_5j9 File: S:/FilesSSD/ECE_385/Final_Project/de10boy/quartus_project/db/decode_5j9.tdf Line: 22
Info (12128): Elaborating entity "decode_5j9" for hierarchy "cart_rom:cart_rom_inst|altsyncram:altsyncram_component|altsyncram_pgb1:auto_generated|decode_5j9:rden_decode" File: S:/FilesSSD/ECE_385/Final_Project/de10boy/quartus_project/db/altsyncram_pgb1.tdf Line: 39
Info (12021): Found 1 design units, including 1 entities, in source file db/mux_s1b.tdf
    Info (12023): Found entity 1: mux_s1b File: S:/FilesSSD/ECE_385/Final_Project/de10boy/quartus_project/db/mux_s1b.tdf Line: 22
Info (12128): Elaborating entity "mux_s1b" for hierarchy "cart_rom:cart_rom_inst|altsyncram:altsyncram_component|altsyncram_pgb1:auto_generated|mux_s1b:mux2" File: S:/FilesSSD/ECE_385/Final_Project/de10boy/quartus_project/db/altsyncram_pgb1.tdf Line: 40
Info (286030): Timing-Driven Synthesis is running
Info (16010): Generating hard_block partition "hard_block:auto_generated_inst"
    Info (16011): Adding 0 node(s), including 0 DDIO, 0 PLL, 0 transceiver and 0 LCELL
Info (21057): Implemented 231 device resources after synthesis - the final resource count might be different
    Info (21058): Implemented 26 input pins
    Info (21059): Implemented 8 output pins
    Info (21061): Implemented 93 logic cells
    Info (21064): Implemented 104 RAM segments
Info: Quartus Prime Analysis & Synthesis was successful. 0 errors, 12 warnings
    Info: Peak virtual memory: 4790 megabytes
    Info: Processing ended: Thu Nov 12 23:16:55 2020
    Info: Elapsed time: 00:00:08
    Info: Total CPU time (on all processors): 00:00:17


